<?xml version="1.0" encoding="UTF-8"?>
<testsuite xmlns:xsi="http://www.w3.org/2001/XMLSchema-instance" xsi:noNamespaceSchemaLocation="https://maven.apache.org/surefire/maven-surefire-plugin/xsd/surefire-test-report-3.0.xsd" version="3.0" name="com.library.HelperTest" time="0.302" tests="1" errors="0" skipped="0" failures="0">
  <properties>
[...]
</properties>
  <testcase name="testGetEntityId" classname="com.library.HelperTest" time="0.298">
    <system-err><![CDATA[Error while deleting all borrows: Table 'tp_test.borrow' doesn't exist
]]></system-err>
  </testcase>
</testsuite>