<?xml version="1.0" encoding="UTF-8"?>
<testsuite xmlns:xsi="http://www.w3.org/2001/XMLSchema-instance" xsi:noNamespaceSchemaLocation="https://maven.apache.org/surefire/maven-surefire-plugin/xsd/surefire-test-report-3.0.xsd" version="3.0" name="com.library.BorrowServiceTest" time="2.956" tests="8" errors="0" skipped="0" failures="6">
  <properties>
    <property name="java.specification.version" value="17"/>
    <property name="sun.cpu.isalist" value="amd64"/>
    <property name="sun.jnu.encoding" value="Cp1252"/>
    <property name="java.class.path" value="C:\Users\hp\Downloads\GestionBibliothequeT\GestionBibliotheque\target\test-classes;C:\Users\hp\Downloads\GestionBibliothequeT\GestionBibliotheque\target\classes;C:\Users\hp\.m2\repository\org\junit\jupiter\junit-jupiter-api\5.11.3\junit-jupiter-api-5.11.3.jar;C:\Users\hp\.m2\repository\org\opentest4j\opentest4j\1.3.0\opentest4j-1.3.0.jar;C:\Users\hp\.m2\repository\org\junit\platform\junit-platform-commons\1.11.3\junit-platform-commons-1.11.3.jar;C:\Users\hp\.m2\repository\org\apiguardian\apiguardian-api\1.1.2\apiguardian-api-1.1.2.jar;C:\Users\hp\.m2\repository\com\mysql\mysql-connector-j\9.1.0\mysql-connector-j-9.1.0.jar;C:\Users\hp\.m2\repository\com\google\protobuf\protobuf-java\4.26.1\protobuf-java-4.26.1.jar;"/>
    <property name="java.vm.vendor" value="Oracle Corporation"/>
    <property name="sun.arch.data.model" value="64"/>
    <property name="user.variant" value=""/>
    <property name="java.vendor.url" value="https://java.oracle.com/"/>
    <property name="user.timezone" value="Africa/Casablanca"/>
    <property name="os.name" value="Windows 10"/>
    <property name="java.vm.specification.version" value="17"/>
    <property name="sun.java.launcher" value="SUN_STANDARD"/>
    <property name="user.country" value="FR"/>
    <property name="sun.boot.library.path" value="C:\Program Files\Java\jdk-17\bin"/>
    <property name="sun.java.command" value="C:\Users\hp\AppData\Local\Temp\surefire10441051518440785923\surefirebooter-20241219145556246_3.jar C:\Users\hp\AppData\Local\Temp\surefire10441051518440785923 2024-12-19T14-55-55_863-jvmRun1 surefire-20241219145556246_1tmp surefire_0-20241219145556246_2tmp"/>
    <property name="jdk.debug" value="release"/>
    <property name="surefire.test.class.path" value="C:\Users\hp\Downloads\GestionBibliothequeT\GestionBibliotheque\target\test-classes;C:\Users\hp\Downloads\GestionBibliothequeT\GestionBibliotheque\target\classes;C:\Users\hp\.m2\repository\org\junit\jupiter\junit-jupiter-api\5.11.3\junit-jupiter-api-5.11.3.jar;C:\Users\hp\.m2\repository\org\opentest4j\opentest4j\1.3.0\opentest4j-1.3.0.jar;C:\Users\hp\.m2\repository\org\junit\platform\junit-platform-commons\1.11.3\junit-platform-commons-1.11.3.jar;C:\Users\hp\.m2\repository\org\apiguardian\apiguardian-api\1.1.2\apiguardian-api-1.1.2.jar;C:\Users\hp\.m2\repository\com\mysql\mysql-connector-j\9.1.0\mysql-connector-j-9.1.0.jar;C:\Users\hp\.m2\repository\com\google\protobuf\protobuf-java\4.26.1\protobuf-java-4.26.1.jar;"/>
    <property name="sun.cpu.endian" value="little"/>
    <property name="user.home" value="C:\Users\hp"/>
    <property name="user.language" value="fr"/>
    <property name="java.specification.vendor" value="Oracle Corporation"/>
    <property name="java.version.date" value="2023-07-18"/>
    <property name="java.home" value="C:\Program Files\Java\jdk-17"/>
    <property name="file.separator" value="\"/>
    <property name="basedir" value="C:\Users\hp\Downloads\GestionBibliothequeT\GestionBibliotheque"/>
    <property name="java.vm.compressedOopsMode" value="32-bit"/>
    <property name="line.separator" value="&#10;"/>
    <property name="java.vm.specification.vendor" value="Oracle Corporation"/>
    <property name="java.specification.name" value="Java Platform API Specification"/>
    <property name="surefire.real.class.path" value="C:\Users\hp\AppData\Local\Temp\surefire10441051518440785923\surefirebooter-20241219145556246_3.jar"/>
    <property name="user.script" value=""/>
    <property name="sun.management.compiler" value="HotSpot 64-Bit Tiered Compilers"/>
    <property name="java.runtime.version" value="17.0.8+9-LTS-211"/>
    <property name="user.name" value="Anwar"/>
    <property name="path.separator" value=";"/>
    <property name="os.version" value="10.0"/>
    <property name="java.runtime.name" value="Java(TM) SE Runtime Environment"/>
    <property name="file.encoding" value="Cp1252"/>
    <property name="java.vm.name" value="Java HotSpot(TM) 64-Bit Server VM"/>
    <property name="localRepository" value="C:\Users\hp\.m2\repository"/>
    <property name="java.vendor.url.bug" value="https://bugreport.java.com/bugreport/"/>
    <property name="java.io.tmpdir" value="C:\Users\hp\AppData\Local\Temp\"/>
    <property name="java.version" value="17.0.8"/>
    <property name="user.dir" value="C:\Users\hp\Downloads\GestionBibliothequeT\GestionBibliotheque"/>
    <property name="os.arch" value="amd64"/>
    <property name="java.vm.specification.name" value="Java Virtual Machine Specification"/>
    <property name="sun.os.patch.level" value=""/>
    <property name="native.encoding" value="Cp1252"/>
    <property name="java.library.path" value="C:\Program Files\Java\jdk-17\bin;C:\Windows\Sun\Java\bin;C:\Windows\system32;C:\Windows;C:\Users\hp\bin;C:\Program Files\Git\mingw64\bin;C:\Program Files\Git\usr\local\bin;C:\Program Files\Git\usr\bin;C:\Program Files\Git\usr\bin;C:\Program Files\Git\mingw64\bin;C:\Program Files\Git\usr\bin;C:\Users\hp\bin;C:\oraclexe\app\oracle\product\11.2.0\server\bin;C:\Windows\system32;C:\Windows;C:\Windows\System32\Wbem;C:\Windows\System32\WindowsPowerShell\v1.0;C:\Windows\System32\OpenSSH;C:\Program Files (x86)\Windows Kits\10\Windows Performance Toolkit;C:\Program Files\Git\cmd;C:\Program Files\Java\jdk-17\bin;C:\Program Files\apache-maven-3.9.6\bin;C:\Program Files\nodejs;C:\Program Files\Docker\Docker\resources\bin;C:\Program Files\MongoDB\Server\8.0\bin;C:\Program Files (x86)\GNU Arm Embedded Toolchain\10 2021.10\bin;C:\Program Files (x86)\GnuWin32\bin;C:\Users\hp\AppData\Local\Programs\Python\Python312\Scripts;C:\Users\hp\AppData\Local\Programs\Python\Python312;C:\Program Files\MySQL\MySQL Shell 8.0\bin;C:\Users\hp\AppData\Local\Microsoft\WindowsApps;C:\Users\hp\AppData\Local\Programs\Microsoft VS Code\bin;C:\Users\hp\flutter\bin;C:\Users\hp\opencv\build\x64\vc16\bin;C:\MinGW\bin;C:\Program Files\Java\jdk-17\bin;C:\Users\hp\AppData\Local\JetBrains\IntelliJ IDEA 2023.3.3\bin;C:\Program Files\heroku\bin;C:\Users\hp\AppData\Roaming\npm;C:\Program Files\sf\bin;C:\Program Files\MongoDB\Tools\100\bin;C:\windows\system32;C:\Program Files\MongoDB\Server\8.0\bin;C:\Users\hp\AppData\Local\Programs\mongosh;C:\Program Files\Git\usr\bin\vendor_perl;C:\Program Files\Git\usr\bin\core_perl;c:\Users\hp\AppData\Roaming\Code\User\globalStorage\github.copilot-chat\debugCommand;."/>
    <property name="java.vm.info" value="mixed mode, sharing"/>
    <property name="java.vendor" value="Oracle Corporation"/>
    <property name="java.vm.version" value="17.0.8+9-LTS-211"/>
    <property name="sun.io.unicode.encoding" value="UnicodeLittle"/>
    <property name="java.class.version" value="61.0"/>
  </properties>
  <testcase name="testGetAllBorrows" classname="com.library.BorrowServiceTest" time="0.455">
    <failure message="expected: not &lt;null&gt;" type="org.opentest4j.AssertionFailedError"><![CDATA[org.opentest4j.AssertionFailedError: expected: not <null>
	at org.junit.jupiter.api.AssertionFailureBuilder.build(AssertionFailureBuilder.java:152)
	at org.junit.jupiter.api.AssertionFailureBuilder.buildAndThrow(AssertionFailureBuilder.java:132)
	at org.junit.jupiter.api.AssertNotNull.failNull(AssertNotNull.java:49)
	at org.junit.jupiter.api.AssertNotNull.assertNotNull(AssertNotNull.java:35)
	at org.junit.jupiter.api.AssertNotNull.assertNotNull(AssertNotNull.java:30)
	at org.junit.jupiter.api.Assertions.assertNotNull(Assertions.java:304)
	at com.library.BorrowServiceTest.testGetAllBorrows(BorrowServiceTest.java:66)
	at java.base/java.lang.reflect.Method.invoke(Method.java:568)
	at java.base/java.util.ArrayList.forEach(ArrayList.java:1511)
	at java.base/java.util.ArrayList.forEach(ArrayList.java:1511)
]]></failure>
    <system-err><![CDATA[déc. 19, 2024 2:56:01 PM com.library.dao.BorrowDAO deleteAll
SEVERE: Erreur lors du retour de tous les livres : Table 'tp_test.borrow' doesn't exist
Error while deleting all borrows: Table 'tp_test.borrow' doesn't exist
déc. 19, 2024 2:56:01 PM com.library.dao.BorrowDAO getAllBorrows
SEVERE: Erreur lors de la rÃ©cupÃ©ration des emprunts : Table 'tp_test.borrow' doesn't exist
]]></system-err>
  </testcase>
  <testcase name="testDeleteAllBorrows" classname="com.library.BorrowServiceTest" time="0.504">
    <failure message="expected: &lt;Tous les livres ont Ã©tÃ© retournÃ©s avec succÃ¨s!&gt; but was: &lt;Erreur lors du retour de tous les livres!&gt;" type="org.opentest4j.AssertionFailedError"><![CDATA[org.opentest4j.AssertionFailedError: expected: <Tous les livres ont Ã©tÃ© retournÃ©s avec succÃ¨s!> but was: <Erreur lors du retour de tous les livres!>
	at org.junit.jupiter.api.AssertionFailureBuilder.build(AssertionFailureBuilder.java:151)
	at org.junit.jupiter.api.AssertionFailureBuilder.buildAndThrow(AssertionFailureBuilder.java:132)
	at org.junit.jupiter.api.AssertEquals.failNotEqual(AssertEquals.java:197)
	at org.junit.jupiter.api.AssertEquals.assertEquals(AssertEquals.java:182)
	at org.junit.jupiter.api.AssertEquals.assertEquals(AssertEquals.java:177)
	at org.junit.jupiter.api.Assertions.assertEquals(Assertions.java:1145)
	at com.library.BorrowServiceTest.testDeleteAllBorrows(BorrowServiceTest.java:109)
	at java.base/java.lang.reflect.Method.invoke(Method.java:568)
	at java.base/java.util.ArrayList.forEach(ArrayList.java:1511)
	at java.base/java.util.ArrayList.forEach(ArrayList.java:1511)
]]></failure>
    <system-err><![CDATA[déc. 19, 2024 2:56:01 PM com.library.dao.BorrowDAO deleteAll
SEVERE: Erreur lors du retour de tous les livres : Table 'tp_test.borrow' doesn't exist
Error while deleting all borrows: Table 'tp_test.borrow' doesn't exist
déc. 19, 2024 2:56:02 PM com.library.dao.BorrowDAO deleteAll
SEVERE: Erreur lors du retour de tous les livres : Table 'tp_test.borrow' doesn't exist
]]></system-err>
  </testcase>
  <testcase name="testGetBorrowById" classname="com.library.BorrowServiceTest" time="0.482">
    <failure message="expected: &lt;Livre empruntÃ© avec succÃ¨s!&gt; but was: &lt;Erreur lors de l&apos;emprunt!&gt;" type="org.opentest4j.AssertionFailedError"><![CDATA[org.opentest4j.AssertionFailedError: expected: <Livre empruntÃ© avec succÃ¨s!> but was: <Erreur lors de l'emprunt!>
	at org.junit.jupiter.api.AssertionFailureBuilder.build(AssertionFailureBuilder.java:151)
	at org.junit.jupiter.api.AssertionFailureBuilder.buildAndThrow(AssertionFailureBuilder.java:132)
	at org.junit.jupiter.api.AssertEquals.failNotEqual(AssertEquals.java:197)
	at org.junit.jupiter.api.AssertEquals.assertEquals(AssertEquals.java:182)
	at org.junit.jupiter.api.AssertEquals.assertEquals(AssertEquals.java:177)
	at org.junit.jupiter.api.Assertions.assertEquals(Assertions.java:1145)
	at com.library.BorrowServiceTest.testGetBorrowById(BorrowServiceTest.java:93)
	at java.base/java.lang.reflect.Method.invoke(Method.java:568)
	at java.base/java.util.ArrayList.forEach(ArrayList.java:1511)
	at java.base/java.util.ArrayList.forEach(ArrayList.java:1511)
]]></failure>
    <system-err><![CDATA[déc. 19, 2024 2:56:02 PM com.library.dao.BorrowDAO deleteAll
SEVERE: Erreur lors du retour de tous les livres : Table 'tp_test.borrow' doesn't exist
Error while deleting all borrows: Table 'tp_test.borrow' doesn't exist
]]></system-err>
  </testcase>
  <testcase name="testUpdateBorrow" classname="com.library.BorrowServiceTest" time="0.338">
    <failure message="expected: &lt;Emprunt mis Ã  jour avec succÃ¨s!&gt; but was: &lt;Erreur lors de la mise Ã  jour de l&apos;emprunt!&gt;" type="org.opentest4j.AssertionFailedError"><![CDATA[org.opentest4j.AssertionFailedError: expected: <Emprunt mis Ã  jour avec succÃ¨s!> but was: <Erreur lors de la mise Ã  jour de l'emprunt!>
	at org.junit.jupiter.api.AssertionFailureBuilder.build(AssertionFailureBuilder.java:151)
	at org.junit.jupiter.api.AssertionFailureBuilder.buildAndThrow(AssertionFailureBuilder.java:132)
	at org.junit.jupiter.api.AssertEquals.failNotEqual(AssertEquals.java:197)
	at org.junit.jupiter.api.AssertEquals.assertEquals(AssertEquals.java:182)
	at org.junit.jupiter.api.AssertEquals.assertEquals(AssertEquals.java:177)
	at org.junit.jupiter.api.Assertions.assertEquals(Assertions.java:1145)
	at com.library.BorrowServiceTest.testUpdateBorrow(BorrowServiceTest.java:101)
	at java.base/java.lang.reflect.Method.invoke(Method.java:568)
	at java.base/java.util.ArrayList.forEach(ArrayList.java:1511)
	at java.base/java.util.ArrayList.forEach(ArrayList.java:1511)
]]></failure>
    <system-err><![CDATA[déc. 19, 2024 2:56:02 PM com.library.dao.BorrowDAO deleteAll
SEVERE: Erreur lors du retour de tous les livres : Table 'tp_test.borrow' doesn't exist
Error while deleting all borrows: Table 'tp_test.borrow' doesn't exist
déc. 19, 2024 2:56:03 PM com.library.dao.BorrowDAO save
SEVERE: Erreur lors de la mise Ã  jour de l'emprunt : Table 'tp_test.borrow' doesn't exist
]]></system-err>
  </testcase>
  <testcase name="testBorrowBookStudentNotFound" classname="com.library.BorrowServiceTest" time="0.297">
    <system-err><![CDATA[déc. 19, 2024 2:56:03 PM com.library.dao.BorrowDAO deleteAll
SEVERE: Erreur lors du retour de tous les livres : Table 'tp_test.borrow' doesn't exist
Error while deleting all borrows: Table 'tp_test.borrow' doesn't exist
déc. 19, 2024 2:56:03 PM com.library.dao.StudentDAO getStudentById
WARNING: Aucun Ã©tudiant trouvÃ© avec l'ID : 9999
]]></system-err>
  </testcase>
  <testcase name="testBorrowBookNotAvailable" classname="com.library.BorrowServiceTest" time="0.302">
    <system-err><![CDATA[déc. 19, 2024 2:56:03 PM com.library.dao.BorrowDAO deleteAll
SEVERE: Erreur lors du retour de tous les livres : Table 'tp_test.borrow' doesn't exist
Error while deleting all borrows: Table 'tp_test.borrow' doesn't exist
]]></system-err>
  </testcase>
  <testcase name="testReturnBook" classname="com.library.BorrowServiceTest" time="0.255">
    <failure message="expected: &lt;Livre retournÃ© avec succÃ¨s!&gt; but was: &lt;Erreur lors du retour du livre!&gt;" type="org.opentest4j.AssertionFailedError"><![CDATA[org.opentest4j.AssertionFailedError: expected: <Livre retournÃ© avec succÃ¨s!> but was: <Erreur lors du retour du livre!>
	at org.junit.jupiter.api.AssertionFailureBuilder.build(AssertionFailureBuilder.java:151)
	at org.junit.jupiter.api.AssertionFailureBuilder.buildAndThrow(AssertionFailureBuilder.java:132)
	at org.junit.jupiter.api.AssertEquals.failNotEqual(AssertEquals.java:197)
	at org.junit.jupiter.api.AssertEquals.assertEquals(AssertEquals.java:182)
	at org.junit.jupiter.api.AssertEquals.assertEquals(AssertEquals.java:177)
	at org.junit.jupiter.api.Assertions.assertEquals(Assertions.java:1145)
	at com.library.BorrowServiceTest.testReturnBook(BorrowServiceTest.java:71)
	at java.base/java.lang.reflect.Method.invoke(Method.java:568)
	at java.base/java.util.ArrayList.forEach(ArrayList.java:1511)
	at java.base/java.util.ArrayList.forEach(ArrayList.java:1511)
]]></failure>
    <system-err><![CDATA[déc. 19, 2024 2:56:03 PM com.library.dao.BorrowDAO deleteAll
SEVERE: Erreur lors du retour de tous les livres : Table 'tp_test.borrow' doesn't exist
Error while deleting all borrows: Table 'tp_test.borrow' doesn't exist
déc. 19, 2024 2:56:04 PM com.library.dao.BorrowDAO deleteBorrow
SEVERE: Erreur lors du retour du livre : Table 'tp_test.borrow' doesn't exist
]]></system-err>
  </testcase>
  <testcase name="testBorrowBook" classname="com.library.BorrowServiceTest" time="0.291">
    <failure message="expected: &lt;Livre empruntÃ© avec succÃ¨s!&gt; but was: &lt;Erreur lors de l&apos;emprunt!&gt;" type="org.opentest4j.AssertionFailedError"><![CDATA[org.opentest4j.AssertionFailedError: expected: <Livre empruntÃ© avec succÃ¨s!> but was: <Erreur lors de l'emprunt!>
	at org.junit.jupiter.api.AssertionFailureBuilder.build(AssertionFailureBuilder.java:151)
	at org.junit.jupiter.api.AssertionFailureBuilder.buildAndThrow(AssertionFailureBuilder.java:132)
	at org.junit.jupiter.api.AssertEquals.failNotEqual(AssertEquals.java:197)
	at org.junit.jupiter.api.AssertEquals.assertEquals(AssertEquals.java:182)
	at org.junit.jupiter.api.AssertEquals.assertEquals(AssertEquals.java:177)
	at org.junit.jupiter.api.Assertions.assertEquals(Assertions.java:1145)
	at com.library.BorrowServiceTest.testBorrowBook(BorrowServiceTest.java:60)
	at java.base/java.lang.reflect.Method.invoke(Method.java:568)
	at java.base/java.util.ArrayList.forEach(ArrayList.java:1511)
	at java.base/java.util.ArrayList.forEach(ArrayList.java:1511)
]]></failure>
    <system-err><![CDATA[déc. 19, 2024 2:56:04 PM com.library.dao.BorrowDAO deleteAll
SEVERE: Erreur lors du retour de tous les livres : Table 'tp_test.borrow' doesn't exist
Error while deleting all borrows: Table 'tp_test.borrow' doesn't exist
]]></system-err>
  </testcase>
</testsuite>