<?xml version="1.0" encoding="UTF-8"?>
<testsuite xmlns:xsi="http://www.w3.org/2001/XMLSchema-instance" xsi:noNamespaceSchemaLocation="https://maven.apache.org/surefire/maven-surefire-plugin/xsd/surefire-test-report-3.0.xsd" version="3.0" name="com.library.BorrowServiceTest" time="2.956" tests="8" errors="0" skipped="0" failures="6">
  <properties>
[...]
</properties>
  <testcase name="testGetAllBorrows" classname="com.library.BorrowServiceTest" time="0.455">
    <failure message="expected: not &lt;null&gt;" type="org.opentest4j.AssertionFailedError"><![CDATA[org.opentest4j.AssertionFailedError: expected: not <null>
	at org.junit.jupiter.api.AssertionFailureBuilder.build(AssertionFailureBuilder.java:152)
	at org.junit.jupiter.api.AssertionFailureBuilder.buildAndThrow(AssertionFailureBuilder.java:132)
	at org.junit.jupiter.api.AssertNotNull.failNull(AssertNotNull.java:49)
	at org.junit.jupiter.api.AssertNotNull.assertNotNull(AssertNotNull.java:35)
	at org.junit.jupiter.api.AssertNotNull.assertNotNull(AssertNotNull.java:30)
	at org.junit.jupiter.api.Assertions.assertNotNull(Assertions.java:304)
	at com.library.BorrowServiceTest.testGetAllBorrows(BorrowServiceTest.java:66)
	at java.base/java.lang.reflect.Method.invoke(Method.java:568)
	at java.base/java.util.ArrayList.forEach(ArrayList.java:1511)
	at java.base/java.util.ArrayList.forEach(ArrayList.java:1511)
]]></failure>
    <system-err><![CDATA[déc. 19, 2024 2:56:01 PM com.library.dao.BorrowDAO deleteAll
SEVERE: Erreur lors du retour de tous les livres : Table 'tp_test.borrow' doesn't exist
Error while deleting all borrows: Table 'tp_test.borrow' doesn't exist
déc. 19, 2024 2:56:01 PM com.library.dao.BorrowDAO getAllBorrows
SEVERE: Erreur lors de la rÃ©cupÃ©ration des emprunts : Table 'tp_test.borrow' doesn't exist
]]></system-err>
  </testcase>
  <testcase name="testDeleteAllBorrows" classname="com.library.BorrowServiceTest" time="0.504">
    <failure message="expected: &lt;Tous les livres ont Ã©tÃ© retournÃ©s avec succÃ¨s!&gt; but was: &lt;Erreur lors du retour de tous les livres!&gt;" type="org.opentest4j.AssertionFailedError"><![CDATA[org.opentest4j.AssertionFailedError: expected: <Tous les livres ont Ã©tÃ© retournÃ©s avec succÃ¨s!> but was: <Erreur lors du retour de tous les livres!>
	at org.junit.jupiter.api.AssertionFailureBuilder.build(AssertionFailureBuilder.java:151)
	at org.junit.jupiter.api.AssertionFailureBuilder.buildAndThrow(AssertionFailureBuilder.java:132)
	at org.junit.jupiter.api.AssertEquals.failNotEqual(AssertEquals.java:197)
	at org.junit.jupiter.api.AssertEquals.assertEquals(AssertEquals.java:182)
	at org.junit.jupiter.api.AssertEquals.assertEquals(AssertEquals.java:177)
	at org.junit.jupiter.api.Assertions.assertEquals(Assertions.java:1145)
	at com.library.BorrowServiceTest.testDeleteAllBorrows(BorrowServiceTest.java:109)
	at java.base/java.lang.reflect.Method.invoke(Method.java:568)
	at java.base/java.util.ArrayList.forEach(ArrayList.java:1511)
	at java.base/java.util.ArrayList.forEach(ArrayList.java:1511)
]]></failure>
    <system-err><![CDATA[déc. 19, 2024 2:56:01 PM com.library.dao.BorrowDAO deleteAll
SEVERE: Erreur lors du retour de tous les livres : Table 'tp_test.borrow' doesn't exist
Error while deleting all borrows: Table 'tp_test.borrow' doesn't exist
déc. 19, 2024 2:56:02 PM com.library.dao.BorrowDAO deleteAll
SEVERE: Erreur lors du retour de tous les livres : Table 'tp_test.borrow' doesn't exist
]]></system-err>
  </testcase>
  <testcase name="testGetBorrowById" classname="com.library.BorrowServiceTest" time="0.482">
    <failure message="expected: &lt;Livre empruntÃ© avec succÃ¨s!&gt; but was: &lt;Erreur lors de l&apos;emprunt!&gt;" type="org.opentest4j.AssertionFailedError"><![CDATA[org.opentest4j.AssertionFailedError: expected: <Livre empruntÃ© avec succÃ¨s!> but was: <Erreur lors de l'emprunt!>
	at org.junit.jupiter.api.AssertionFailureBuilder.build(AssertionFailureBuilder.java:151)
	at org.junit.jupiter.api.AssertionFailureBuilder.buildAndThrow(AssertionFailureBuilder.java:132)
	at org.junit.jupiter.api.AssertEquals.failNotEqual(AssertEquals.java:197)
	at org.junit.jupiter.api.AssertEquals.assertEquals(AssertEquals.java:182)
	at org.junit.jupiter.api.AssertEquals.assertEquals(AssertEquals.java:177)
	at org.junit.jupiter.api.Assertions.assertEquals(Assertions.java:1145)
	at com.library.BorrowServiceTest.testGetBorrowById(BorrowServiceTest.java:93)
	at java.base/java.lang.reflect.Method.invoke(Method.java:568)
	at java.base/java.util.ArrayList.forEach(ArrayList.java:1511)
	at java.base/java.util.ArrayList.forEach(ArrayList.java:1511)
]]></failure>
    <system-err><![CDATA[déc. 19, 2024 2:56:02 PM com.library.dao.BorrowDAO deleteAll
SEVERE: Erreur lors du retour de tous les livres : Table 'tp_test.borrow' doesn't exist
Error while deleting all borrows: Table 'tp_test.borrow' doesn't exist
]]></system-err>
  </testcase>
  <testcase name="testUpdateBorrow" classname="com.library.BorrowServiceTest" time="0.338">
    <failure message="expected: &lt;Emprunt mis Ã  jour avec succÃ¨s!&gt; but was: &lt;Erreur lors de la mise Ã  jour de l&apos;emprunt!&gt;" type="org.opentest4j.AssertionFailedError"><![CDATA[org.opentest4j.AssertionFailedError: expected: <Emprunt mis Ã  jour avec succÃ¨s!> but was: <Erreur lors de la mise Ã  jour de l'emprunt!>
	at org.junit.jupiter.api.AssertionFailureBuilder.build(AssertionFailureBuilder.java:151)
	at org.junit.jupiter.api.AssertionFailureBuilder.buildAndThrow(AssertionFailureBuilder.java:132)
	at org.junit.jupiter.api.AssertEquals.failNotEqual(AssertEquals.java:197)
	at org.junit.jupiter.api.AssertEquals.assertEquals(AssertEquals.java:182)
	at org.junit.jupiter.api.AssertEquals.assertEquals(AssertEquals.java:177)
	at org.junit.jupiter.api.Assertions.assertEquals(Assertions.java:1145)
	at com.library.BorrowServiceTest.testUpdateBorrow(BorrowServiceTest.java:101)
	at java.base/java.lang.reflect.Method.invoke(Method.java:568)
	at java.base/java.util.ArrayList.forEach(ArrayList.java:1511)
	at java.base/java.util.ArrayList.forEach(ArrayList.java:1511)
]]></failure>
    <system-err><![CDATA[déc. 19, 2024 2:56:02 PM com.library.dao.BorrowDAO deleteAll
SEVERE: Erreur lors du retour de tous les livres : Table 'tp_test.borrow' doesn't exist
Error while deleting all borrows: Table 'tp_test.borrow' doesn't exist
déc. 19, 2024 2:56:03 PM com.library.dao.BorrowDAO save
SEVERE: Erreur lors de la mise Ã  jour de l'emprunt : Table 'tp_test.borrow' doesn't exist
]]></system-err>
  </testcase>
  <testcase name="testBorrowBookStudentNotFound" classname="com.library.BorrowServiceTest" time="0.297">
    <system-err><![CDATA[déc. 19, 2024 2:56:03 PM com.library.dao.BorrowDAO deleteAll
SEVERE: Erreur lors du retour de tous les livres : Table 'tp_test.borrow' doesn't exist
Error while deleting all borrows: Table 'tp_test.borrow' doesn't exist
déc. 19, 2024 2:56:03 PM com.library.dao.StudentDAO getStudentById
WARNING: Aucun Ã©tudiant trouvÃ© avec l'ID : 9999
]]></system-err>
  </testcase>
  <testcase name="testBorrowBookNotAvailable" classname="com.library.BorrowServiceTest" time="0.302">
    <system-err><![CDATA[déc. 19, 2024 2:56:03 PM com.library.dao.BorrowDAO deleteAll
SEVERE: Erreur lors du retour de tous les livres : Table 'tp_test.borrow' doesn't exist
Error while deleting all borrows: Table 'tp_test.borrow' doesn't exist
]]></system-err>
  </testcase>
  <testcase name="testReturnBook" classname="com.library.BorrowServiceTest" time="0.255">
    <failure message="expected: &lt;Livre retournÃ© avec succÃ¨s!&gt; but was: &lt;Erreur lors du retour du livre!&gt;" type="org.opentest4j.AssertionFailedError"><![CDATA[org.opentest4j.AssertionFailedError: expected: <Livre retournÃ© avec succÃ¨s!> but was: <Erreur lors du retour du livre!>
	at org.junit.jupiter.api.AssertionFailureBuilder.build(AssertionFailureBuilder.java:151)
	at org.junit.jupiter.api.AssertionFailureBuilder.buildAndThrow(AssertionFailureBuilder.java:132)
	at org.junit.jupiter.api.AssertEquals.failNotEqual(AssertEquals.java:197)
	at org.junit.jupiter.api.AssertEquals.assertEquals(AssertEquals.java:182)
	at org.junit.jupiter.api.AssertEquals.assertEquals(AssertEquals.java:177)
	at org.junit.jupiter.api.Assertions.assertEquals(Assertions.java:1145)
	at com.library.BorrowServiceTest.testReturnBook(BorrowServiceTest.java:71)
	at java.base/java.lang.reflect.Method.invoke(Method.java:568)
	at java.base/java.util.ArrayList.forEach(ArrayList.java:1511)
	at java.base/java.util.ArrayList.forEach(ArrayList.java:1511)
]]></failure>
    <system-err><![CDATA[déc. 19, 2024 2:56:03 PM com.library.dao.BorrowDAO deleteAll
SEVERE: Erreur lors du retour de tous les livres : Table 'tp_test.borrow' doesn't exist
Error while deleting all borrows: Table 'tp_test.borrow' doesn't exist
déc. 19, 2024 2:56:04 PM com.library.dao.BorrowDAO deleteBorrow
SEVERE: Erreur lors du retour du livre : Table 'tp_test.borrow' doesn't exist
]]></system-err>
  </testcase>
  <testcase name="testBorrowBook" classname="com.library.BorrowServiceTest" time="0.291">
    <failure message="expected: &lt;Livre empruntÃ© avec succÃ¨s!&gt; but was: &lt;Erreur lors de l&apos;emprunt!&gt;" type="org.opentest4j.AssertionFailedError"><![CDATA[org.opentest4j.AssertionFailedError: expected: <Livre empruntÃ© avec succÃ¨s!> but was: <Erreur lors de l'emprunt!>
	at org.junit.jupiter.api.AssertionFailureBuilder.build(AssertionFailureBuilder.java:151)
	at org.junit.jupiter.api.AssertionFailureBuilder.buildAndThrow(AssertionFailureBuilder.java:132)
	at org.junit.jupiter.api.AssertEquals.failNotEqual(AssertEquals.java:197)
	at org.junit.jupiter.api.AssertEquals.assertEquals(AssertEquals.java:182)
	at org.junit.jupiter.api.AssertEquals.assertEquals(AssertEquals.java:177)
	at org.junit.jupiter.api.Assertions.assertEquals(Assertions.java:1145)
	at com.library.BorrowServiceTest.testBorrowBook(BorrowServiceTest.java:60)
	at java.base/java.lang.reflect.Method.invoke(Method.java:568)
	at java.base/java.util.ArrayList.forEach(ArrayList.java:1511)
	at java.base/java.util.ArrayList.forEach(ArrayList.java:1511)
]]></failure>
    <system-err><![CDATA[déc. 19, 2024 2:56:04 PM com.library.dao.BorrowDAO deleteAll
SEVERE: Erreur lors du retour de tous les livres : Table 'tp_test.borrow' doesn't exist
Error while deleting all borrows: Table 'tp_test.borrow' doesn't exist
]]></system-err>
  </testcase>
</testsuite>